# JRE version: OpenJDK Runtime Environment Temurin-21.0.9+10 (21.0.9+10) (build 21.0.9+10-LTS)
# Java VM: OpenJDK 64-Bit Server VM Temurin-21.0.9+10 (21.0.9+10-LTS, mixed mode, sharing, tiered, compressed oops, compressed class ptrs, parallel gc, windows-amd64)
GC Precious Log:
 CardTable entry size: 512
 CPUs: 22 total, 22 available
 Memory: 15804M
 Large Page Support: Disabled
 NUMA Support: Disabled
 Compressed Oops: Enabled (32-bit)
 Alignments: Space 512K, Generation 512K, Heap 2M
 Heap Min Capacity: 100M
 Heap Initial Capacity: 100M
 Heap Max Capacity: 2G
 Pre-touch: Disabled
 Parallel Workers: 16
Heap:
 PSYoungGen      total 8192K, used 5515K [0x00000000d5580000, 0x00000000d6080000, 0x0000000100000000)
  eden space 7168K, 67% used [0x00000000d5580000,0x00000000d5a32e60,0x00000000d5c80000)
  from space 1024K, 68% used [0x00000000d5f80000,0x00000000d6030000,0x00000000d6080000)
  to   space 1024K, 0% used [0x00000000d5e80000,0x00000000d5e80000,0x00000000d5f80000)
 ParOldGen       total 353280K, used 351457K [0x0000000080000000, 0x0000000095900000, 0x00000000d5580000)
  object space 353280K, 99% used [0x0000000080000000,0x0000000095738710,0x0000000095900000)
 Metaspace       used 60116K, committed 61440K, reserved 1114112K
  class space    used 6509K, committed 7104K, reserved 1048576K
GC Heap History (20 events):
Event: 11.918 GC heap before
{Heap before GC invocations=223 (full 3):
 PSYoungGen      total 12288K, used 7168K [0x00000000d5580000, 0x00000000d6780000, 0x0000000100000000)
  eden space 7168K, 100% used [0x00000000d5580000,0x00000000d5c80000,0x00000000d5c80000)
  from space 5120K, 0% used [0x00000000d5c80000,0x00000000d5c80000,0x00000000d6180000)
  to   space 5632K, 0% used [0x00000000d6200000,0x00000000d6200000,0x00000000d6780000)
 ParOldGen       total 353280K, used 309302K [0x0000000080000000, 0x0000000095900000, 0x00000000d5580000)
  object space 353280K, 87% used [0x0000000080000000,0x0000000092e0d9c8,0x0000000095900000)
 Metaspace       used 58717K, committed 60032K, reserved 1114112K
  class space    used 6432K, committed 7040K, reserved 1048576K
}
Event: 11.920 GC heap after
{Heap after GC invocations=223 (full 3):
 PSYoungGen      total 11776K, used 4395K [0x00000000d5580000, 0x00000000d6680000, 0x0000000100000000)
  eden space 7168K, 0% used [0x00000000d5580000,0x00000000d5580000,0x00000000d5c80000)
  from space 4608K, 95% used [0x00000000d6200000,0x00000000d664ad50,0x00000000d6680000)
  to   space 5120K, 0% used [0x00000000d5c80000,0x00000000d5c80000,0x00000000d6180000)
 ParOldGen       total 353280K, used 309302K [0x0000000080000000, 0x0000000095900000, 0x00000000d5580000)
  object space 353280K, 87% used [0x0000000080000000,0x0000000092e0d9c8,0x0000000095900000)
 Metaspace       used 58717K, committed 60032K, reserved 1114112K
  class space    used 6432K, committed 7040K, reserved 1048576K
}
Event: 12.956 GC heap before
{Heap before GC invocations=224 (full 3):
 PSYoungGen      total 11776K, used 11563K [0x00000000d5580000, 0x00000000d6680000, 0x0000000100000000)
  eden space 7168K, 100% used [0x00000000d5580000,0x00000000d5c80000,0x00000000d5c80000)
  from space 4608K, 95% used [0x00000000d6200000,0x00000000d664ad50,0x00000000d6680000)
  to   space 5120K, 0% used [0x00000000d5c80000,0x00000000d5c80000,0x00000000d6180000)
 ParOldGen       total 353280K, used 309302K [0x0000000080000000, 0x0000000095900000, 0x00000000d5580000)
  object space 353280K, 87% used [0x0000000080000000,0x0000000092e0d9c8,0x0000000095900000)
 Metaspace       used 59049K, committed 60416K, reserved 1114112K
  class space    used 6437K, committed 7040K, reserved 1048576K
}
Event: 14.974 GC heap after
{Heap after GC invocations=224 (full 3):
 PSYoungGen      total 12288K, used 5094K [0x00000000d5580000, 0x00000000d6680000, 0x0000000100000000)
  eden space 7168K, 0% used [0x00000000d5580000,0x00000000d5580000,0x00000000d5c80000)
  from space 5120K, 99% used [0x00000000d5c80000,0x00000000d6179b60,0x00000000d6180000)
  to   space 4608K, 0% used [0x00000000d6200000,0x00000000d6200000,0x00000000d6680000)
 ParOldGen       total 353280K, used 314044K [0x0000000080000000, 0x0000000095900000, 0x00000000d5580000)
  object space 353280K, 88% used [0x0000000080000000,0x00000000932af128,0x0000000095900000)
 Metaspace       used 59049K, committed 60416K, reserved 1114112K
  class space    used 6437K, committed 7040K, reserved 1048576K
}
Event: 15.987 GC heap before
{Heap before GC invocations=225 (full 3):
 PSYoungGen      total 12288K, used 12262K [0x00000000d5580000, 0x00000000d6680000, 0x0000000100000000)
  eden space 7168K, 100% used [0x00000000d5580000,0x00000000d5c80000,0x00000000d5c80000)
  from space 5120K, 99% used [0x00000000d5c80000,0x00000000d6179b60,0x00000000d6180000)
  to   space 4608K, 0% used [0x00000000d6200000,0x00000000d6200000,0x00000000d6680000)
 ParOldGen       total 353280K, used 314048K [0x0000000080000000, 0x0000000095900000, 0x00000000d5580000)
  object space 353280K, 88% used [0x0000000080000000,0x00000000932b0188,0x0000000095900000)
 Metaspace       used 59080K, committed 60480K, reserved 1114112K
  class space    used 6437K, committed 7040K, reserved 1048576K
}
Event: 18.008 GC heap after
{Heap after GC invocations=225 (full 3):
 PSYoungGen      total 11776K, used 4595K [0x00000000d5580000, 0x00000000d6680000, 0x0000000100000000)
  eden space 7168K, 0% used [0x00000000d5580000,0x00000000d5580000,0x00000000d5c80000)
  from space 4608K, 99% used [0x00000000d6200000,0x00000000d667ccf0,0x00000000d6680000)
  to   space 5120K, 0% used [0x00000000d5c80000,0x00000000d5c80000,0x00000000d6180000)
 ParOldGen       total 353280K, used 321504K [0x0000000080000000, 0x0000000095900000, 0x00000000d5580000)
  object space 353280K, 91% used [0x0000000080000000,0x00000000939f81d8,0x0000000095900000)
 Metaspace       used 59080K, committed 60480K, reserved 1114112K
  class space    used 6437K, committed 7040K, reserved 1048576K
}
Event: 19.035 GC heap before
{Heap before GC invocations=226 (full 3):
 PSYoungGen      total 11776K, used 11763K [0x00000000d5580000, 0x00000000d6680000, 0x0000000100000000)
  eden space 7168K, 100% used [0x00000000d5580000,0x00000000d5c80000,0x00000000d5c80000)
  from space 4608K, 99% used [0x00000000d6200000,0x00000000d667ccf0,0x00000000d6680000)
  to   space 5120K, 0% used [0x00000000d5c80000,0x00000000d5c80000,0x00000000d6180000)
 ParOldGen       total 353280K, used 321504K [0x0000000080000000, 0x0000000095900000, 0x00000000d5580000)
  object space 353280K, 91% used [0x0000000080000000,0x00000000939f81d8,0x0000000095900000)
 Metaspace       used 59090K, committed 60480K, reserved 1114112K
  class space    used 6439K, committed 7040K, reserved 1048576K
}
Event: 21.059 GC heap after
{Heap after GC invocations=226 (full 3):
 PSYoungGen      total 12288K, used 5110K [0x00000000d5580000, 0x00000000d6680000, 0x0000000100000000)
  eden space 7168K, 0% used [0x00000000d5580000,0x00000000d5580000,0x00000000d5c80000)
  from space 5120K, 99% used [0x00000000d5c80000,0x00000000d617db18,0x00000000d6180000)
  to   space 4608K, 0% used [0x00000000d6200000,0x00000000d6200000,0x00000000d6680000)
 ParOldGen       total 353280K, used 327863K [0x0000000080000000, 0x0000000095900000, 0x00000000d5580000)
  object space 353280K, 92% used [0x0000000080000000,0x000000009402de18,0x0000000095900000)
 Metaspace       used 59090K, committed 60480K, reserved 1114112K
  class space    used 6439K, committed 7040K, reserved 1048576K
}
Event: 22.053 GC heap before
{Heap before GC invocations=227 (full 3):
 PSYoungGen      total 12288K, used 12278K [0x00000000d5580000, 0x00000000d6680000, 0x0000000100000000)
  eden space 7168K, 100% used [0x00000000d5580000,0x00000000d5c80000,0x00000000d5c80000)
  from space 5120K, 99% used [0x00000000d5c80000,0x00000000d617db18,0x00000000d6180000)
  to   space 4608K, 0% used [0x00000000d6200000,0x00000000d6200000,0x00000000d6680000)
 ParOldGen       total 353280K, used 335233K [0x0000000080000000, 0x0000000095900000, 0x00000000d5580000)
  object space 353280K, 94% used [0x0000000080000000,0x0000000094760488,0x0000000095900000)
 Metaspace       used 59096K, committed 60480K, reserved 1114112K
  class space    used 6439K, committed 7040K, reserved 1048576K
}
Event: 24.076 GC heap after
{Heap after GC invocations=227 (full 3):
 PSYoungGen      total 11776K, used 4583K [0x00000000d5580000, 0x00000000d6680000, 0x0000000100000000)
  eden space 7168K, 0% used [0x00000000d5580000,0x00000000d5580000,0x00000000d5c80000)
  from space 4608K, 99% used [0x00000000d6200000,0x00000000d6679c50,0x00000000d6680000)
  to   space 5120K, 0% used [0x00000000d5c80000,0x00000000d5c80000,0x00000000d6180000)
 ParOldGen       total 353280K, used 342660K [0x0000000080000000, 0x0000000095900000, 0x00000000d5580000)
  object space 353280K, 96% used [0x0000000080000000,0x0000000094ea1148,0x0000000095900000)
 Metaspace       used 59096K, committed 60480K, reserved 1114112K
  class space    used 6439K, committed 7040K, reserved 1048576K
}
Event: 24.136 GC heap before
{Heap before GC invocations=228 (full 3):
 PSYoungGen      total 11776K, used 11751K [0x00000000d5580000, 0x00000000d6680000, 0x0000000100000000)
  eden space 7168K, 100% used [0x00000000d5580000,0x00000000d5c80000,0x00000000d5c80000)
  from space 4608K, 99% used [0x00000000d6200000,0x00000000d6679c50,0x00000000d6680000)
  to   space 5120K, 0% used [0x00000000d5c80000,0x00000000d5c80000,0x00000000d6180000)
 ParOldGen       total 353280K, used 342663K [0x0000000080000000, 0x0000000095900000, 0x00000000d5580000)
  object space 353280K, 96% used [0x0000000080000000,0x0000000094ea1f38,0x0000000095900000)
 Metaspace       used 59431K, committed 60800K, reserved 1114112K
  class space    used 6459K, committed 7040K, reserved 1048576K
}
Event: 26.149 GC heap after
{Heap after GC invocations=228 (full 3):
 PSYoungGen      total 12288K, used 3458K [0x00000000d5580000, 0x00000000d6680000, 0x0000000100000000)
  eden space 7168K, 0% used [0x00000000d5580000,0x00000000d5580000,0x00000000d5c80000)
  from space 5120K, 67% used [0x00000000d5c80000,0x00000000d5fe0870,0x00000000d6180000)
  to   space 4608K, 0% used [0x00000000d6200000,0x00000000d6200000,0x00000000d6680000)
 ParOldGen       total 353280K, used 347010K [0x0000000080000000, 0x0000000095900000, 0x00000000d5580000)
  object space 353280K, 98% used [0x0000000080000000,0x00000000952e0a70,0x0000000095900000)
 Metaspace       used 59431K, committed 60800K, reserved 1114112K
  class space    used 6459K, committed 7040K, reserved 1048576K
}
Event: 29.188 GC heap before
{Heap before GC invocations=229 (full 3):
 PSYoungGen      total 12288K, used 10598K [0x00000000d5580000, 0x00000000d6680000, 0x0000000100000000)
  eden space 7168K, 99% used [0x00000000d5580000,0x00000000d5c79378,0x00000000d5c80000)
  from space 5120K, 67% used [0x00000000d5c80000,0x00000000d5fe0870,0x00000000d6180000)
  to   space 4608K, 0% used [0x00000000d6200000,0x00000000d6200000,0x00000000d6680000)
 ParOldGen       total 353280K, used 347010K [0x0000000080000000, 0x0000000095900000, 0x00000000d5580000)
  object space 353280K, 98% used [0x0000000080000000,0x00000000952e0a70,0x0000000095900000)
 Metaspace       used 59442K, committed 60800K, reserved 1114112K
  class space    used 6459K, committed 7040K, reserved 1048576K
}
Event: 29.191 GC heap after
{Heap after GC invocations=229 (full 3):
 PSYoungGen      total 9216K, used 1585K [0x00000000d5580000, 0x00000000d6400000, 0x0000000100000000)
  eden space 7168K, 0% used [0x00000000d5580000,0x00000000d5580000,0x00000000d5c80000)
  from space 2048K, 77% used [0x00000000d6200000,0x00000000d638c7f8,0x00000000d6400000)
  to   space 3072K, 0% used [0x00000000d5e00000,0x00000000d5e00000,0x00000000d6100000)
 ParOldGen       total 353280K, used 350441K [0x0000000080000000, 0x0000000095900000, 0x00000000d5580000)
  object space 353280K, 99% used [0x0000000080000000,0x000000009563a710,0x0000000095900000)
 Metaspace       used 59442K, committed 60800K, reserved 1114112K
  class space    used 6459K, committed 7040K, reserved 1048576K
}
Event: 29.211 GC heap before
{Heap before GC invocations=230 (full 3):
 PSYoungGen      total 9216K, used 8753K [0x00000000d5580000, 0x00000000d6400000, 0x0000000100000000)
  eden space 7168K, 100% used [0x00000000d5580000,0x00000000d5c80000,0x00000000d5c80000)
  from space 2048K, 77% used [0x00000000d6200000,0x00000000d638c7f8,0x00000000d6400000)
  to   space 3072K, 0% used [0x00000000d5e00000,0x00000000d5e00000,0x00000000d6100000)
 ParOldGen       total 353280K, used 350441K [0x0000000080000000, 0x0000000095900000, 0x00000000d5580000)
  object space 353280K, 99% used [0x0000000080000000,0x000000009563a710,0x0000000095900000)
 Metaspace       used 59450K, committed 60800K, reserved 1114112K
  class space    used 6459K, committed 7040K, reserved 1048576K
}
Event: 29.213 GC heap after
{Heap after GC invocations=230 (full 3):
 PSYoungGen      total 9216K, used 2031K [0x00000000d5580000, 0x00000000d6280000, 0x0000000100000000)
  eden space 7168K, 0% used [0x00000000d5580000,0x00000000d5580000,0x00000000d5c80000)
  from space 2048K, 99% used [0x00000000d5e00000,0x00000000d5ffbee0,0x00000000d6000000)
  to   space 2560K, 0% used [0x00000000d6000000,0x00000000d6000000,0x00000000d6280000)
 ParOldGen       total 353280K, used 350833K [0x0000000080000000, 0x0000000095900000, 0x00000000d5580000)
  object space 353280K, 99% used [0x0000000080000000,0x000000009569c710,0x0000000095900000)
 Metaspace       used 59450K, committed 60800K, reserved 1114112K
  class space    used 6459K, committed 7040K, reserved 1048576K
}
Event: 29.237 GC heap before
{Heap before GC invocations=231 (full 3):
 PSYoungGen      total 9216K, used 9199K [0x00000000d5580000, 0x00000000d6280000, 0x0000000100000000)
  eden space 7168K, 100% used [0x00000000d5580000,0x00000000d5c80000,0x00000000d5c80000)
  from space 2048K, 99% used [0x00000000d5e00000,0x00000000d5ffbee0,0x00000000d6000000)
  to   space 2560K, 0% used [0x00000000d6000000,0x00000000d6000000,0x00000000d6280000)
 ParOldGen       total 353280K, used 350833K [0x0000000080000000, 0x0000000095900000, 0x00000000d5580000)
  object space 353280K, 99% used [0x0000000080000000,0x000000009569c710,0x0000000095900000)
 Metaspace       used 59467K, committed 60800K, reserved 1114112K
  class space    used 6459K, committed 7040K, reserved 1048576K
}
Event: 29.238 GC heap after
{Heap after GC invocations=231 (full 3):
 PSYoungGen      total 8192K, used 713K [0x00000000d5580000, 0x00000000d6100000, 0x0000000100000000)
  eden space 7168K, 0% used [0x00000000d5580000,0x00000000d5580000,0x00000000d5c80000)
  from space 1024K, 69% used [0x00000000d6000000,0x00000000d60b26d8,0x00000000d6100000)
  to   space 1536K, 0% used [0x00000000d5e00000,0x00000000d5e00000,0x00000000d5f80000)
 ParOldGen       total 353280K, used 351433K [0x0000000080000000, 0x0000000095900000, 0x00000000d5580000)
  object space 353280K, 99% used [0x0000000080000000,0x0000000095732710,0x0000000095900000)
 Metaspace       used 59467K, committed 60800K, reserved 1114112K
  class space    used 6459K, committed 7040K, reserved 1048576K
}
Event: 29.248 GC heap before
{Heap before GC invocations=232 (full 3):
 PSYoungGen      total 8192K, used 7881K [0x00000000d5580000, 0x00000000d6100000, 0x0000000100000000)
  eden space 7168K, 100% used [0x00000000d5580000,0x00000000d5c80000,0x00000000d5c80000)
  from space 1024K, 69% used [0x00000000d6000000,0x00000000d60b26d8,0x00000000d6100000)
  to   space 1536K, 0% used [0x00000000d5e00000,0x00000000d5e00000,0x00000000d5f80000)
 ParOldGen       total 353280K, used 351433K [0x0000000080000000, 0x0000000095900000, 0x00000000d5580000)
  object space 353280K, 99% used [0x0000000080000000,0x0000000095732710,0x0000000095900000)
 Metaspace       used 59467K, committed 60800K, reserved 1114112K
  class space    used 6459K, committed 7040K, reserved 1048576K
}
Event: 29.250 GC heap after
{Heap after GC invocations=232 (full 3):
 PSYoungGen      total 8704K, used 854K [0x00000000d5580000, 0x00000000d6080000, 0x0000000100000000)
  eden space 7168K, 0% used [0x00000000d5580000,0x00000000d5580000,0x00000000d5c80000)
  from space 1536K, 55% used [0x00000000d5e00000,0x00000000d5ed5a20,0x00000000d5f80000)
  to   space 1024K, 0% used [0x00000000d5f80000,0x00000000d5f80000,0x00000000d6080000)
 ParOldGen       total 353280K, used 351449K [0x0000000080000000, 0x0000000095900000, 0x00000000d5580000)
  object space 353280K, 99% used [0x0000000080000000,0x0000000095736710,0x0000000095900000)
 Metaspace       used 59467K, committed 60800K, reserved 1114112K
  class space    used 6459K, committed 7040K, reserved 1048576K
}

