# JRE version: OpenJDK Runtime Environment Temurin-21.0.9+10 (21.0.9+10) (build 21.0.9+10-LTS)
# Java VM: OpenJDK 64-Bit Server VM Temurin-21.0.9+10 (21.0.9+10-LTS, mixed mode, sharing, tiered, compressed oops, compressed class ptrs, parallel gc, windows-amd64)
GC Precious Log:
 CardTable entry size: 512
 CPUs: 22 total, 22 available
 Memory: 15804M
 Large Page Support: Disabled
 NUMA Support: Disabled
 Compressed Oops: Enabled (32-bit)
 Alignments: Space 512K, Generation 512K, Heap 2M
 Heap Min Capacity: 100M
 Heap Initial Capacity: 100M
 Heap Max Capacity: 2G
 Pre-touch: Disabled
 Parallel Workers: 16
Heap:
 PSYoungGen      total 6656K, used 3523K [0x00000000d5580000, 0x00000000d5e00000, 0x0000000100000000)
  eden space 5120K, 43% used [0x00000000d5580000,0x00000000d57b0d00,0x00000000d5a80000)
  from space 1536K, 83% used [0x00000000d5c80000,0x00000000d5dc0248,0x00000000d5e00000)
  to   space 1536K, 0% used [0x00000000d5b00000,0x00000000d5b00000,0x00000000d5c80000)
 ParOldGen       total 246784K, used 246389K [0x0000000080000000, 0x000000008f100000, 0x00000000d5580000)
  object space 246784K, 99% used [0x0000000080000000,0x000000008f09d7a0,0x000000008f100000)
 Metaspace       used 67411K, committed 68928K, reserved 1114112K
  class space    used 7191K, committed 7872K, reserved 1048576K
GC Heap History (20 events):
Event: 18.909 GC heap after
{Heap after GC invocations=137 (full 3):
 PSYoungGen      total 6656K, used 1152K [0x00000000d5580000, 0x00000000d5d80000, 0x0000000100000000)
  eden space 5120K, 0% used [0x00000000d5580000,0x00000000d5580000,0x00000000d5a80000)
  from space 1536K, 75% used [0x00000000d5c00000,0x00000000d5d20000,0x00000000d5d80000)
  to   space 1536K, 0% used [0x00000000d5a80000,0x00000000d5a80000,0x00000000d5c00000)
 ParOldGen       total 233472K, used 232974K [0x0000000080000000, 0x000000008e400000, 0x00000000d5580000)
  object space 233472K, 99% used [0x0000000080000000,0x000000008e383a18,0x000000008e400000)
 Metaspace       used 66993K, committed 68544K, reserved 1114112K
  class space    used 7150K, committed 7872K, reserved 1048576K
}
Event: 18.917 GC heap before
{Heap before GC invocations=138 (full 3):
 PSYoungGen      total 6656K, used 6272K [0x00000000d5580000, 0x00000000d5d80000, 0x0000000100000000)
  eden space 5120K, 100% used [0x00000000d5580000,0x00000000d5a80000,0x00000000d5a80000)
  from space 1536K, 75% used [0x00000000d5c00000,0x00000000d5d20000,0x00000000d5d80000)
  to   space 1536K, 0% used [0x00000000d5a80000,0x00000000d5a80000,0x00000000d5c00000)
 ParOldGen       total 233472K, used 232974K [0x0000000080000000, 0x000000008e400000, 0x00000000d5580000)
  object space 233472K, 99% used [0x0000000080000000,0x000000008e383a18,0x000000008e400000)
 Metaspace       used 66997K, committed 68544K, reserved 1114112K
  class space    used 7150K, committed 7872K, reserved 1048576K
}
Event: 18.919 GC heap after
{Heap after GC invocations=138 (full 3):
 PSYoungGen      total 6656K, used 1294K [0x00000000d5580000, 0x00000000d5d80000, 0x0000000100000000)
  eden space 5120K, 0% used [0x00000000d5580000,0x00000000d5580000,0x00000000d5a80000)
  from space 1536K, 84% used [0x00000000d5a80000,0x00000000d5bc39c0,0x00000000d5c00000)
  to   space 1536K, 0% used [0x00000000d5c00000,0x00000000d5c00000,0x00000000d5d80000)
 ParOldGen       total 233984K, used 233931K [0x0000000080000000, 0x000000008e480000, 0x00000000d5580000)
  object space 233984K, 99% used [0x0000000080000000,0x000000008e472cd8,0x000000008e480000)
 Metaspace       used 66997K, committed 68544K, reserved 1114112K
  class space    used 7150K, committed 7872K, reserved 1048576K
}
Event: 18.938 GC heap before
{Heap before GC invocations=139 (full 3):
 PSYoungGen      total 6656K, used 6414K [0x00000000d5580000, 0x00000000d5d80000, 0x0000000100000000)
  eden space 5120K, 100% used [0x00000000d5580000,0x00000000d5a80000,0x00000000d5a80000)
  from space 1536K, 84% used [0x00000000d5a80000,0x00000000d5bc39c0,0x00000000d5c00000)
  to   space 1536K, 0% used [0x00000000d5c00000,0x00000000d5c00000,0x00000000d5d80000)
 ParOldGen       total 233984K, used 233931K [0x0000000080000000, 0x000000008e480000, 0x00000000d5580000)
  object space 233984K, 99% used [0x0000000080000000,0x000000008e472cd8,0x000000008e480000)
 Metaspace       used 67007K, committed 68544K, reserved 1114112K
  class space    used 7151K, committed 7872K, reserved 1048576K
}
Event: 18.940 GC heap after
{Heap after GC invocations=139 (full 3):
 PSYoungGen      total 6656K, used 1376K [0x00000000d5580000, 0x00000000d5d80000, 0x0000000100000000)
  eden space 5120K, 0% used [0x00000000d5580000,0x00000000d5580000,0x00000000d5a80000)
  from space 1536K, 89% used [0x00000000d5c00000,0x00000000d5d58000,0x00000000d5d80000)
  to   space 1536K, 0% used [0x00000000d5a80000,0x00000000d5a80000,0x00000000d5c00000)
 ParOldGen       total 235520K, used 235041K [0x0000000080000000, 0x000000008e600000, 0x00000000d5580000)
  object space 235520K, 99% used [0x0000000080000000,0x000000008e588640,0x000000008e600000)
 Metaspace       used 67007K, committed 68544K, reserved 1114112K
  class space    used 7151K, committed 7872K, reserved 1048576K
}
Event: 18.950 GC heap before
{Heap before GC invocations=140 (full 3):
 PSYoungGen      total 6656K, used 6496K [0x00000000d5580000, 0x00000000d5d80000, 0x0000000100000000)
  eden space 5120K, 100% used [0x00000000d5580000,0x00000000d5a80000,0x00000000d5a80000)
  from space 1536K, 89% used [0x00000000d5c00000,0x00000000d5d58000,0x00000000d5d80000)
  to   space 1536K, 0% used [0x00000000d5a80000,0x00000000d5a80000,0x00000000d5c00000)
 ParOldGen       total 235520K, used 235041K [0x0000000080000000, 0x000000008e600000, 0x00000000d5580000)
  object space 235520K, 99% used [0x0000000080000000,0x000000008e588640,0x000000008e600000)
 Metaspace       used 67039K, committed 68544K, reserved 1114112K
  class space    used 7160K, committed 7872K, reserved 1048576K
}
Event: 18.951 GC heap after
{Heap after GC invocations=140 (full 3):
 PSYoungGen      total 6656K, used 1297K [0x00000000d5580000, 0x00000000d5d80000, 0x0000000100000000)
  eden space 5120K, 0% used [0x00000000d5580000,0x00000000d5580000,0x00000000d5a80000)
  from space 1536K, 84% used [0x00000000d5a80000,0x00000000d5bc4458,0x00000000d5c00000)
  to   space 1536K, 0% used [0x00000000d5c00000,0x00000000d5c00000,0x00000000d5d80000)
 ParOldGen       total 236544K, used 236241K [0x0000000080000000, 0x000000008e700000, 0x00000000d5580000)
  object space 236544K, 99% used [0x0000000080000000,0x000000008e6b45a0,0x000000008e700000)
 Metaspace       used 67039K, committed 68544K, reserved 1114112K
  class space    used 7160K, committed 7872K, reserved 1048576K
}
Event: 18.962 GC heap before
{Heap before GC invocations=141 (full 3):
 PSYoungGen      total 6656K, used 6417K [0x00000000d5580000, 0x00000000d5d80000, 0x0000000100000000)
  eden space 5120K, 100% used [0x00000000d5580000,0x00000000d5a80000,0x00000000d5a80000)
  from space 1536K, 84% used [0x00000000d5a80000,0x00000000d5bc4458,0x00000000d5c00000)
  to   space 1536K, 0% used [0x00000000d5c00000,0x00000000d5c00000,0x00000000d5d80000)
 ParOldGen       total 236544K, used 236241K [0x0000000080000000, 0x000000008e700000, 0x00000000d5580000)
  object space 236544K, 99% used [0x0000000080000000,0x000000008e6b45a0,0x000000008e700000)
 Metaspace       used 67096K, committed 68608K, reserved 1114112K
  class space    used 7166K, committed 7872K, reserved 1048576K
}
Event: 18.964 GC heap after
{Heap after GC invocations=141 (full 3):
 PSYoungGen      total 6656K, used 1278K [0x00000000d5580000, 0x00000000d5d80000, 0x0000000100000000)
  eden space 5120K, 0% used [0x00000000d5580000,0x00000000d5580000,0x00000000d5a80000)
  from space 1536K, 83% used [0x00000000d5c00000,0x00000000d5d3f9c0,0x00000000d5d80000)
  to   space 1536K, 0% used [0x00000000d5a80000,0x00000000d5a80000,0x00000000d5c00000)
 ParOldGen       total 237568K, used 237315K [0x0000000080000000, 0x000000008e800000, 0x00000000d5580000)
  object space 237568K, 99% used [0x0000000080000000,0x000000008e7c0e20,0x000000008e800000)
 Metaspace       used 67096K, committed 68608K, reserved 1114112K
  class space    used 7166K, committed 7872K, reserved 1048576K
}
Event: 18.980 GC heap before
{Heap before GC invocations=142 (full 3):
 PSYoungGen      total 6656K, used 6398K [0x00000000d5580000, 0x00000000d5d80000, 0x0000000100000000)
  eden space 5120K, 100% used [0x00000000d5580000,0x00000000d5a80000,0x00000000d5a80000)
  from space 1536K, 83% used [0x00000000d5c00000,0x00000000d5d3f9c0,0x00000000d5d80000)
  to   space 1536K, 0% used [0x00000000d5a80000,0x00000000d5a80000,0x00000000d5c00000)
 ParOldGen       total 237568K, used 237315K [0x0000000080000000, 0x000000008e800000, 0x00000000d5580000)
  object space 237568K, 99% used [0x0000000080000000,0x000000008e7c0e20,0x000000008e800000)
 Metaspace       used 67154K, committed 68672K, reserved 1114112K
  class space    used 7173K, committed 7872K, reserved 1048576K
}
Event: 18.981 GC heap after
{Heap after GC invocations=142 (full 3):
 PSYoungGen      total 6656K, used 1513K [0x00000000d5580000, 0x00000000d6080000, 0x0000000100000000)
  eden space 5120K, 0% used [0x00000000d5580000,0x00000000d5580000,0x00000000d5a80000)
  from space 1536K, 98% used [0x00000000d5a80000,0x00000000d5bfa450,0x00000000d5c00000)
  to   space 3072K, 0% used [0x00000000d5d80000,0x00000000d5d80000,0x00000000d6080000)
 ParOldGen       total 238592K, used 238445K [0x0000000080000000, 0x000000008e900000, 0x00000000d5580000)
  object space 238592K, 99% used [0x0000000080000000,0x000000008e8db660,0x000000008e900000)
 Metaspace       used 67154K, committed 68672K, reserved 1114112K
  class space    used 7173K, committed 7872K, reserved 1048576K
}
Event: 18.993 GC heap before
{Heap before GC invocations=143 (full 3):
 PSYoungGen      total 6656K, used 6633K [0x00000000d5580000, 0x00000000d6080000, 0x0000000100000000)
  eden space 5120K, 100% used [0x00000000d5580000,0x00000000d5a80000,0x00000000d5a80000)
  from space 1536K, 98% used [0x00000000d5a80000,0x00000000d5bfa450,0x00000000d5c00000)
  to   space 3072K, 0% used [0x00000000d5d80000,0x00000000d5d80000,0x00000000d6080000)
 ParOldGen       total 238592K, used 238445K [0x0000000080000000, 0x000000008e900000, 0x00000000d5580000)
  object space 238592K, 99% used [0x0000000080000000,0x000000008e8db660,0x000000008e900000)
 Metaspace       used 67185K, committed 68672K, reserved 1114112K
  class space    used 7175K, committed 7872K, reserved 1048576K
}
Event: 18.994 GC heap after
{Heap after GC invocations=143 (full 3):
 PSYoungGen      total 6656K, used 1285K [0x00000000d5580000, 0x00000000d5f00000, 0x0000000100000000)
  eden space 5120K, 0% used [0x00000000d5580000,0x00000000d5580000,0x00000000d5a80000)
  from space 1536K, 83% used [0x00000000d5d80000,0x00000000d5ec1668,0x00000000d5f00000)
  to   space 2048K, 0% used [0x00000000d5b00000,0x00000000d5b00000,0x00000000d5d00000)
 ParOldGen       total 240128K, used 239865K [0x0000000080000000, 0x000000008ea80000, 0x00000000d5580000)
  object space 240128K, 99% used [0x0000000080000000,0x000000008ea3e480,0x000000008ea80000)
 Metaspace       used 67185K, committed 68672K, reserved 1114112K
  class space    used 7175K, committed 7872K, reserved 1048576K
}
Event: 19.006 GC heap before
{Heap before GC invocations=144 (full 3):
 PSYoungGen      total 6656K, used 6405K [0x00000000d5580000, 0x00000000d5f00000, 0x0000000100000000)
  eden space 5120K, 100% used [0x00000000d5580000,0x00000000d5a80000,0x00000000d5a80000)
  from space 1536K, 83% used [0x00000000d5d80000,0x00000000d5ec1668,0x00000000d5f00000)
  to   space 2048K, 0% used [0x00000000d5b00000,0x00000000d5b00000,0x00000000d5d00000)
 ParOldGen       total 240128K, used 239865K [0x0000000080000000, 0x000000008ea80000, 0x00000000d5580000)
  object space 240128K, 99% used [0x0000000080000000,0x000000008ea3e480,0x000000008ea80000)
 Metaspace       used 67206K, committed 68736K, reserved 1114112K
  class space    used 7179K, committed 7872K, reserved 1048576K
}
Event: 19.008 GC heap after
{Heap after GC invocations=144 (full 3):
 PSYoungGen      total 6656K, used 1192K [0x00000000d5580000, 0x00000000d5e00000, 0x0000000100000000)
  eden space 5120K, 0% used [0x00000000d5580000,0x00000000d5580000,0x00000000d5a80000)
  from space 1536K, 77% used [0x00000000d5b00000,0x00000000d5c2a128,0x00000000d5c80000)
  to   space 1536K, 0% used [0x00000000d5c80000,0x00000000d5c80000,0x00000000d5e00000)
 ParOldGen       total 241152K, used 240938K [0x0000000080000000, 0x000000008eb80000, 0x00000000d5580000)
  object space 241152K, 99% used [0x0000000080000000,0x000000008eb4a800,0x000000008eb80000)
 Metaspace       used 67206K, committed 68736K, reserved 1114112K
  class space    used 7179K, committed 7872K, reserved 1048576K
}
Event: 19.020 GC heap before
{Heap before GC invocations=145 (full 3):
 PSYoungGen      total 6656K, used 6312K [0x00000000d5580000, 0x00000000d5e00000, 0x0000000100000000)
  eden space 5120K, 100% used [0x00000000d5580000,0x00000000d5a80000,0x00000000d5a80000)
  from space 1536K, 77% used [0x00000000d5b00000,0x00000000d5c2a128,0x00000000d5c80000)
  to   space 1536K, 0% used [0x00000000d5c80000,0x00000000d5c80000,0x00000000d5e00000)
 ParOldGen       total 241152K, used 240938K [0x0000000080000000, 0x000000008eb80000, 0x00000000d5580000)
  object space 241152K, 99% used [0x0000000080000000,0x000000008eb4a800,0x000000008eb80000)
 Metaspace       used 67222K, committed 68736K, reserved 1114112K
  class space    used 7181K, committed 7872K, reserved 1048576K
}
Event: 19.021 GC heap after
{Heap after GC invocations=145 (full 3):
 PSYoungGen      total 6656K, used 1316K [0x00000000d5580000, 0x00000000d5e00000, 0x0000000100000000)
  eden space 5120K, 0% used [0x00000000d5580000,0x00000000d5580000,0x00000000d5a80000)
  from space 1536K, 85% used [0x00000000d5c80000,0x00000000d5dc92d8,0x00000000d5e00000)
  to   space 1536K, 0% used [0x00000000d5b00000,0x00000000d5b00000,0x00000000d5c80000)
 ParOldGen       total 242176K, used 241985K [0x0000000080000000, 0x000000008ec80000, 0x00000000d5580000)
  object space 242176K, 99% used [0x0000000080000000,0x000000008ec50718,0x000000008ec80000)
 Metaspace       used 67222K, committed 68736K, reserved 1114112K
  class space    used 7181K, committed 7872K, reserved 1048576K
}
Event: 19.032 GC heap before
{Heap before GC invocations=146 (full 3):
 PSYoungGen      total 6656K, used 6436K [0x00000000d5580000, 0x00000000d5e00000, 0x0000000100000000)
  eden space 5120K, 100% used [0x00000000d5580000,0x00000000d5a80000,0x00000000d5a80000)
  from space 1536K, 85% used [0x00000000d5c80000,0x00000000d5dc92d8,0x00000000d5e00000)
  to   space 1536K, 0% used [0x00000000d5b00000,0x00000000d5b00000,0x00000000d5c80000)
 ParOldGen       total 242176K, used 241985K [0x0000000080000000, 0x000000008ec80000, 0x00000000d5580000)
  object space 242176K, 99% used [0x0000000080000000,0x000000008ec50718,0x000000008ec80000)
 Metaspace       used 67287K, committed 68800K, reserved 1114112K
  class space    used 7186K, committed 7872K, reserved 1048576K
}
Event: 19.034 GC heap after
{Heap after GC invocations=146 (full 3):
 PSYoungGen      total 6656K, used 1232K [0x00000000d5580000, 0x00000000d5d80000, 0x0000000100000000)
  eden space 5120K, 0% used [0x00000000d5580000,0x00000000d5580000,0x00000000d5a80000)
  from space 1536K, 80% used [0x00000000d5b00000,0x00000000d5c343c8,0x00000000d5c80000)
  to   space 1024K, 0% used [0x00000000d5c80000,0x00000000d5c80000,0x00000000d5d80000)
 ParOldGen       total 243200K, used 243094K [0x0000000080000000, 0x000000008ed80000, 0x00000000d5580000)
  object space 243200K, 99% used [0x0000000080000000,0x000000008ed65a20,0x000000008ed80000)
 Metaspace       used 67287K, committed 68800K, reserved 1114112K
  class space    used 7186K, committed 7872K, reserved 1048576K
}
Event: 19.045 GC heap before
{Heap before GC invocations=147 (full 3):
 PSYoungGen      total 6656K, used 6352K [0x00000000d5580000, 0x00000000d5d80000, 0x0000000100000000)
  eden space 5120K, 100% used [0x00000000d5580000,0x00000000d5a80000,0x00000000d5a80000)
  from space 1536K, 80% used [0x00000000d5b00000,0x00000000d5c343c8,0x00000000d5c80000)
  to   space 1024K, 0% used [0x00000000d5c80000,0x00000000d5c80000,0x00000000d5d80000)
 ParOldGen       total 243200K, used 243094K [0x0000000080000000, 0x000000008ed80000, 0x00000000d5580000)
  object space 243200K, 99% used [0x0000000080000000,0x000000008ed65a20,0x000000008ed80000)
 Metaspace       used 67334K, committed 68800K, reserved 1114112K
  class space    used 7188K, committed 7872K, reserved 1048576K
}

